2025-07-02 00:02:18,988 DEBUG    → PAYU AUTH REQUEST
2025-07-02 00:02:18,988 DEBUG      URL:    'https://secure.snd.payu.com/pl/standard/user/oauth/authorize'
2025-07-02 00:02:18,988 DEBUG      HEADERS:{'Content-Type': 'application/x-www-form-urlencoded', 'Accept': 'application/json'}
2025-07-02 00:02:18,988 DEBUG      BODY:   {'grant_type': 'client_credentials'}
2025-07-02 00:02:18,988 DEBUG    ← PAYU AUTH RESPONSE
2025-07-02 00:02:18,988 DEBUG      STATUS: 200
2025-07-02 00:02:18,988 DEBUG      HEADERS:{'Content-Type': 'application/json'}
2025-07-02 00:02:18,988 DEBUG      TEXT:   {"access_token":"tok"}…
2025-07-02 00:02:18,992 DEBUG    → PAYU AUTH REQUEST
2025-07-02 00:02:18,992 DEBUG      URL:    'https://secure.snd.payu.com/pl/standard/user/oauth/authorize'
2025-07-02 00:02:18,992 DEBUG      HEADERS:{'Content-Type': 'application/x-www-form-urlencoded', 'Accept': 'application/json'}
2025-07-02 00:02:18,992 DEBUG      BODY:   {'grant_type': 'client_credentials'}
2025-07-02 00:02:18,992 DEBUG    ← PAYU AUTH RESPONSE
2025-07-02 00:02:18,992 DEBUG      STATUS: 200
2025-07-02 00:02:18,992 DEBUG      HEADERS:{'Content-Type': 'text/plain'}
2025-07-02 00:02:18,992 DEBUG      TEXT:   fail…
2025-07-02 00:02:18,994 DEBUG    → PAYU ORDER REQUEST
2025-07-02 00:02:18,994 DEBUG      URL:    'https://secure.snd.payu.com/api/v2_1/orders'
2025-07-02 00:02:18,994 DEBUG      HEADERS:{'Authorization': 'Bearer tok', 'Content-Type': 'application/json', 'Accept': 'application/json'}
2025-07-02 00:02:18,994 DEBUG      BODY:   {'notifyUrl': 'http://localhost:8000/payments/payu/notification', 'customerIp': '127.0.0.1', 'merchantPosId': '300746', 'description': 'Invoice #1', 'currencyCode': 'PLN', 'totalAmount': '9990', 'extOrderId': '1_1751407338', 'buyer': {'email': 'b@x', 'firstName': 'John', 'lastName': 'Doe'}, 'products': [{'name': 'Invoice #1', 'unitPrice': '9990', 'quantity': '1'}]}
2025-07-02 00:02:18,995 DEBUG    ← PAYU ORDER RESPONSE
2025-07-02 00:02:18,995 DEBUG      STATUS: 200
2025-07-02 00:02:18,995 DEBUG      HEADERS:{'Content-Type': 'application/json'}
2025-07-02 00:02:18,995 DEBUG      TEXT:   {"res":1}…
2025-07-02 00:02:18,997 DEBUG    → PAYU ORDER REQUEST
2025-07-02 00:02:18,997 DEBUG      URL:    'https://secure.snd.payu.com/api/v2_1/orders'
2025-07-02 00:02:18,997 DEBUG      HEADERS:{'Authorization': 'Bearer tok', 'Content-Type': 'application/json', 'Accept': 'application/json'}
2025-07-02 00:02:18,997 DEBUG      BODY:   {'notifyUrl': 'http://localhost:8000/payments/payu/notification', 'customerIp': '127.0.0.1', 'merchantPosId': '300746', 'description': 'Invoice #1', 'currencyCode': 'PLN', 'totalAmount': '9990', 'extOrderId': '1_1751407338', 'buyer': {'email': 'b@x', 'firstName': 'John', 'lastName': 'Doe'}, 'products': [{'name': 'Invoice #1', 'unitPrice': '9990', 'quantity': '1'}]}
2025-07-02 00:02:18,997 DEBUG    ← PAYU ORDER RESPONSE
2025-07-02 00:02:18,997 DEBUG      STATUS: 302
2025-07-02 00:02:18,997 DEBUG      HEADERS:{'Content-Type': 'application/json', 'Location': 'https://payu/redirect?orderId=123'}
2025-07-02 00:02:18,997 DEBUG      TEXT:   …
2025-07-02 00:02:18,997 INFO     PayU zwrócił URL do płatności: https://payu/redirect?orderId=123
2025-07-02 00:02:18,999 DEBUG    → PAYU ORDER REQUEST
2025-07-02 00:02:18,999 DEBUG      URL:    'https://secure.snd.payu.com/api/v2_1/orders'
2025-07-02 00:02:18,999 DEBUG      HEADERS:{'Authorization': 'Bearer tok', 'Content-Type': 'application/json', 'Accept': 'application/json'}
2025-07-02 00:02:18,999 DEBUG      BODY:   {'notifyUrl': 'http://localhost:8000/payments/payu/notification', 'customerIp': '127.0.0.1', 'merchantPosId': '300746', 'description': 'Invoice #1', 'currencyCode': 'PLN', 'totalAmount': '100', 'extOrderId': '1_1751407338', 'buyer': {'email': 'b@x', 'firstName': 'Jan', 'lastName': 'Nowak'}, 'products': [{'name': 'Invoice #1', 'unitPrice': '100', 'quantity': '1'}]}
2025-07-02 00:02:18,999 DEBUG    ← PAYU ORDER RESPONSE
2025-07-02 00:02:19,000 DEBUG      STATUS: 200
2025-07-02 00:02:19,000 DEBUG      HEADERS:{'Content-Type': 'text/plain'}
2025-07-02 00:02:19,000 DEBUG      TEXT:   fail…
2025-07-02 00:10:56,643 DEBUG    → PAYU AUTH REQUEST
2025-07-02 00:10:56,644 DEBUG      URL:    'https://secure.snd.payu.com/pl/standard/user/oauth/authorize'
2025-07-02 00:10:56,644 DEBUG      HEADERS:{'Content-Type': 'application/x-www-form-urlencoded', 'Accept': 'application/json'}
2025-07-02 00:10:56,644 DEBUG      BODY:   {'grant_type': 'client_credentials'}
2025-07-02 00:10:56,644 DEBUG    ← PAYU AUTH RESPONSE
2025-07-02 00:10:56,644 DEBUG      STATUS: 200
2025-07-02 00:10:56,645 DEBUG      HEADERS:{'Content-Type': 'application/json'}
2025-07-02 00:10:56,645 DEBUG      TEXT:   {"access_token":"tok"}…
2025-07-02 00:10:56,648 DEBUG    → PAYU AUTH REQUEST
2025-07-02 00:10:56,649 DEBUG      URL:    'https://secure.snd.payu.com/pl/standard/user/oauth/authorize'
2025-07-02 00:10:56,649 DEBUG      HEADERS:{'Content-Type': 'application/x-www-form-urlencoded', 'Accept': 'application/json'}
2025-07-02 00:10:56,649 DEBUG      BODY:   {'grant_type': 'client_credentials'}
2025-07-02 00:10:56,649 DEBUG    ← PAYU AUTH RESPONSE
2025-07-02 00:10:56,650 DEBUG      STATUS: 200
2025-07-02 00:10:56,650 DEBUG      HEADERS:{'Content-Type': 'text/plain'}
2025-07-02 00:10:56,650 DEBUG      TEXT:   fail…
2025-07-02 00:10:56,654 DEBUG    → PAYU ORDER REQUEST
2025-07-02 00:10:56,655 DEBUG      URL:    'https://secure.snd.payu.com/api/v2_1/orders'
2025-07-02 00:10:56,655 DEBUG      HEADERS:{'Authorization': 'Bearer tok', 'Content-Type': 'application/json', 'Accept': 'application/json'}
2025-07-02 00:10:56,655 DEBUG      BODY:   {'notifyUrl': 'http://localhost:8000/payments/payu/notification', 'customerIp': '127.0.0.1', 'merchantPosId': '300746', 'description': 'Invoice #1', 'currencyCode': 'PLN', 'totalAmount': '9990', 'extOrderId': '1_1751407856', 'buyer': {'email': 'b@x', 'firstName': 'John', 'lastName': 'Doe'}, 'products': [{'name': 'Invoice #1', 'unitPrice': '9990', 'quantity': '1'}]}
2025-07-02 00:10:56,655 DEBUG    ← PAYU ORDER RESPONSE
2025-07-02 00:10:56,655 DEBUG      STATUS: 200
2025-07-02 00:10:56,656 DEBUG      HEADERS:{'Content-Type': 'application/json'}
2025-07-02 00:10:56,656 DEBUG      TEXT:   {"res":1}…
2025-07-02 00:10:56,659 DEBUG    → PAYU ORDER REQUEST
2025-07-02 00:10:56,659 DEBUG      URL:    'https://secure.snd.payu.com/api/v2_1/orders'
2025-07-02 00:10:56,660 DEBUG      HEADERS:{'Authorization': 'Bearer tok', 'Content-Type': 'application/json', 'Accept': 'application/json'}
2025-07-02 00:10:56,660 DEBUG      BODY:   {'notifyUrl': 'http://localhost:8000/payments/payu/notification', 'customerIp': '127.0.0.1', 'merchantPosId': '300746', 'description': 'Invoice #1', 'currencyCode': 'PLN', 'totalAmount': '9990', 'extOrderId': '1_1751407856', 'buyer': {'email': 'b@x', 'firstName': 'John', 'lastName': 'Doe'}, 'products': [{'name': 'Invoice #1', 'unitPrice': '9990', 'quantity': '1'}]}
2025-07-02 00:10:56,660 DEBUG    ← PAYU ORDER RESPONSE
2025-07-02 00:10:56,660 DEBUG      STATUS: 302
2025-07-02 00:10:56,660 DEBUG      HEADERS:{'Content-Type': 'application/json', 'Location': 'https://payu/redirect?orderId=123'}
2025-07-02 00:10:56,660 DEBUG      TEXT:   …
2025-07-02 00:10:56,660 INFO     PayU zwrócił URL do płatności: https://payu/redirect?orderId=123
2025-07-02 00:10:56,664 DEBUG    → PAYU ORDER REQUEST
2025-07-02 00:10:56,664 DEBUG      URL:    'https://secure.snd.payu.com/api/v2_1/orders'
2025-07-02 00:10:56,664 DEBUG      HEADERS:{'Authorization': 'Bearer tok', 'Content-Type': 'application/json', 'Accept': 'application/json'}
2025-07-02 00:10:56,665 DEBUG      BODY:   {'notifyUrl': 'http://localhost:8000/payments/payu/notification', 'customerIp': '127.0.0.1', 'merchantPosId': '300746', 'description': 'Invoice #1', 'currencyCode': 'PLN', 'totalAmount': '100', 'extOrderId': '1_1751407856', 'buyer': {'email': 'b@x', 'firstName': 'Jan', 'lastName': 'Nowak'}, 'products': [{'name': 'Invoice #1', 'unitPrice': '100', 'quantity': '1'}]}
2025-07-02 00:10:56,665 DEBUG    ← PAYU ORDER RESPONSE
2025-07-02 00:10:56,665 DEBUG      STATUS: 200
2025-07-02 00:10:56,666 DEBUG      HEADERS:{'Content-Type': 'text/plain'}
2025-07-02 00:10:56,666 DEBUG      TEXT:   fail…
2025-07-02 00:23:22,848 DEBUG    → PAYU AUTH REQUEST
2025-07-02 00:23:22,848 DEBUG      URL:    'https://secure.snd.payu.com/pl/standard/user/oauth/authorize'
2025-07-02 00:23:22,848 DEBUG      HEADERS:{'Content-Type': 'application/x-www-form-urlencoded', 'Accept': 'application/json'}
2025-07-02 00:23:22,848 DEBUG      BODY:   {'grant_type': 'client_credentials'}
2025-07-02 00:23:22,849 DEBUG    ← PAYU AUTH RESPONSE
2025-07-02 00:23:22,849 DEBUG      STATUS: 200
2025-07-02 00:23:22,849 DEBUG      HEADERS:{'Content-Type': 'application/json'}
2025-07-02 00:23:22,849 DEBUG      TEXT:   {"access_token":"tok"}…
2025-07-02 00:23:22,854 DEBUG    → PAYU AUTH REQUEST
2025-07-02 00:23:22,854 DEBUG      URL:    'https://secure.snd.payu.com/pl/standard/user/oauth/authorize'
2025-07-02 00:23:22,854 DEBUG      HEADERS:{'Content-Type': 'application/x-www-form-urlencoded', 'Accept': 'application/json'}
2025-07-02 00:23:22,855 DEBUG      BODY:   {'grant_type': 'client_credentials'}
2025-07-02 00:23:22,855 DEBUG    ← PAYU AUTH RESPONSE
2025-07-02 00:23:22,855 DEBUG      STATUS: 200
2025-07-02 00:23:22,855 DEBUG      HEADERS:{'Content-Type': 'text/plain'}
2025-07-02 00:23:22,855 DEBUG      TEXT:   fail…
2025-07-02 00:23:22,859 DEBUG    → PAYU ORDER REQUEST
2025-07-02 00:23:22,859 DEBUG      URL:    'https://secure.snd.payu.com/api/v2_1/orders'
2025-07-02 00:23:22,859 DEBUG      HEADERS:{'Authorization': 'Bearer tok', 'Content-Type': 'application/json', 'Accept': 'application/json'}
2025-07-02 00:23:22,859 DEBUG      BODY:   {'notifyUrl': 'http://localhost:8000/payments/payu/notification', 'customerIp': '127.0.0.1', 'merchantPosId': '300746', 'description': 'Invoice #1', 'currencyCode': 'PLN', 'totalAmount': '9990', 'extOrderId': '1_1751408602', 'buyer': {'email': 'b@x', 'firstName': 'John', 'lastName': 'Doe'}, 'products': [{'name': 'Invoice #1', 'unitPrice': '9990', 'quantity': '1'}]}
2025-07-02 00:23:22,859 DEBUG    ← PAYU ORDER RESPONSE
2025-07-02 00:23:22,859 DEBUG      STATUS: 200
2025-07-02 00:23:22,859 DEBUG      HEADERS:{'Content-Type': 'application/json'}
2025-07-02 00:23:22,860 DEBUG      TEXT:   {"res":1}…
2025-07-02 00:23:22,863 DEBUG    → PAYU ORDER REQUEST
2025-07-02 00:23:22,863 DEBUG      URL:    'https://secure.snd.payu.com/api/v2_1/orders'
2025-07-02 00:23:22,864 DEBUG      HEADERS:{'Authorization': 'Bearer tok', 'Content-Type': 'application/json', 'Accept': 'application/json'}
2025-07-02 00:23:22,864 DEBUG      BODY:   {'notifyUrl': 'http://localhost:8000/payments/payu/notification', 'customerIp': '127.0.0.1', 'merchantPosId': '300746', 'description': 'Invoice #1', 'currencyCode': 'PLN', 'totalAmount': '9990', 'extOrderId': '1_1751408602', 'buyer': {'email': 'b@x', 'firstName': 'John', 'lastName': 'Doe'}, 'products': [{'name': 'Invoice #1', 'unitPrice': '9990', 'quantity': '1'}]}
2025-07-02 00:23:22,864 DEBUG    ← PAYU ORDER RESPONSE
2025-07-02 00:23:22,864 DEBUG      STATUS: 302
2025-07-02 00:23:22,864 DEBUG      HEADERS:{'Content-Type': 'application/json', 'Location': 'https://payu/redirect?orderId=123'}
2025-07-02 00:23:22,864 DEBUG      TEXT:   …
2025-07-02 00:23:22,865 INFO     PayU zwrócił URL do płatności: https://payu/redirect?orderId=123
2025-07-02 00:23:22,870 DEBUG    → PAYU ORDER REQUEST
2025-07-02 00:23:22,870 DEBUG      URL:    'https://secure.snd.payu.com/api/v2_1/orders'
2025-07-02 00:23:22,870 DEBUG      HEADERS:{'Authorization': 'Bearer tok', 'Content-Type': 'application/json', 'Accept': 'application/json'}
2025-07-02 00:23:22,871 DEBUG      BODY:   {'notifyUrl': 'http://localhost:8000/payments/payu/notification', 'customerIp': '127.0.0.1', 'merchantPosId': '300746', 'description': 'Invoice #1', 'currencyCode': 'PLN', 'totalAmount': '100', 'extOrderId': '1_1751408602', 'buyer': {'email': 'b@x', 'firstName': 'Jan', 'lastName': 'Nowak'}, 'products': [{'name': 'Invoice #1', 'unitPrice': '100', 'quantity': '1'}]}
2025-07-02 00:23:22,871 DEBUG    ← PAYU ORDER RESPONSE
2025-07-02 00:23:22,871 DEBUG      STATUS: 200
2025-07-02 00:23:22,871 DEBUG      HEADERS:{'Content-Type': 'text/plain'}
2025-07-02 00:23:22,871 DEBUG      TEXT:   fail…
2025-07-02 00:28:35,787 DEBUG    → PAYU AUTH REQUEST
2025-07-02 00:28:35,787 DEBUG      URL:    'https://secure.snd.payu.com/pl/standard/user/oauth/authorize'
2025-07-02 00:28:35,788 DEBUG      HEADERS:{'Content-Type': 'application/x-www-form-urlencoded', 'Accept': 'application/json'}
2025-07-02 00:28:35,788 DEBUG      BODY:   {'grant_type': 'client_credentials'}
2025-07-02 00:28:35,788 DEBUG    ← PAYU AUTH RESPONSE
2025-07-02 00:28:35,788 DEBUG      STATUS: 200
2025-07-02 00:28:35,788 DEBUG      HEADERS:{'Content-Type': 'application/json'}
2025-07-02 00:28:35,789 DEBUG      TEXT:   {"access_token":"tok"}…
2025-07-02 00:28:35,792 DEBUG    → PAYU AUTH REQUEST
2025-07-02 00:28:35,793 DEBUG      URL:    'https://secure.snd.payu.com/pl/standard/user/oauth/authorize'
2025-07-02 00:28:35,793 DEBUG      HEADERS:{'Content-Type': 'application/x-www-form-urlencoded', 'Accept': 'application/json'}
2025-07-02 00:28:35,793 DEBUG      BODY:   {'grant_type': 'client_credentials'}
2025-07-02 00:28:35,793 DEBUG    ← PAYU AUTH RESPONSE
2025-07-02 00:28:35,793 DEBUG      STATUS: 200
2025-07-02 00:28:35,793 DEBUG      HEADERS:{'Content-Type': 'text/plain'}
2025-07-02 00:28:35,794 DEBUG      TEXT:   fail…
2025-07-02 00:28:35,798 DEBUG    → PAYU ORDER REQUEST
2025-07-02 00:28:35,798 DEBUG      URL:    'https://secure.snd.payu.com/api/v2_1/orders'
2025-07-02 00:28:35,798 DEBUG      HEADERS:{'Authorization': 'Bearer tok', 'Content-Type': 'application/json', 'Accept': 'application/json'}
2025-07-02 00:28:35,798 DEBUG      BODY:   {'notifyUrl': 'http://localhost:8000/payments/payu/notification', 'customerIp': '127.0.0.1', 'merchantPosId': '300746', 'description': 'Invoice #1', 'currencyCode': 'PLN', 'totalAmount': '9990', 'extOrderId': '1_1751408915', 'buyer': {'email': 'b@x', 'firstName': 'John', 'lastName': 'Doe'}, 'products': [{'name': 'Invoice #1', 'unitPrice': '9990', 'quantity': '1'}]}
2025-07-02 00:28:35,798 DEBUG    ← PAYU ORDER RESPONSE
2025-07-02 00:28:35,798 DEBUG      STATUS: 200
2025-07-02 00:28:35,799 DEBUG      HEADERS:{'Content-Type': 'application/json'}
2025-07-02 00:28:35,799 DEBUG      TEXT:   {"res":1}…
2025-07-02 00:28:35,803 DEBUG    → PAYU ORDER REQUEST
2025-07-02 00:28:35,804 DEBUG      URL:    'https://secure.snd.payu.com/api/v2_1/orders'
2025-07-02 00:28:35,804 DEBUG      HEADERS:{'Authorization': 'Bearer tok', 'Content-Type': 'application/json', 'Accept': 'application/json'}
2025-07-02 00:28:35,804 DEBUG      BODY:   {'notifyUrl': 'http://localhost:8000/payments/payu/notification', 'customerIp': '127.0.0.1', 'merchantPosId': '300746', 'description': 'Invoice #1', 'currencyCode': 'PLN', 'totalAmount': '9990', 'extOrderId': '1_1751408915', 'buyer': {'email': 'b@x', 'firstName': 'John', 'lastName': 'Doe'}, 'products': [{'name': 'Invoice #1', 'unitPrice': '9990', 'quantity': '1'}]}
2025-07-02 00:28:35,805 DEBUG    ← PAYU ORDER RESPONSE
2025-07-02 00:28:35,805 DEBUG      STATUS: 302
2025-07-02 00:28:35,805 DEBUG      HEADERS:{'Content-Type': 'application/json', 'Location': 'https://payu/redirect?orderId=123'}
2025-07-02 00:28:35,805 DEBUG      TEXT:   …
2025-07-02 00:28:35,805 INFO     PayU zwrócił URL do płatności: https://payu/redirect?orderId=123
2025-07-02 00:28:35,809 DEBUG    → PAYU ORDER REQUEST
2025-07-02 00:28:35,809 DEBUG      URL:    'https://secure.snd.payu.com/api/v2_1/orders'
2025-07-02 00:28:35,810 DEBUG      HEADERS:{'Authorization': 'Bearer tok', 'Content-Type': 'application/json', 'Accept': 'application/json'}
2025-07-02 00:28:35,810 DEBUG      BODY:   {'notifyUrl': 'http://localhost:8000/payments/payu/notification', 'customerIp': '127.0.0.1', 'merchantPosId': '300746', 'description': 'Invoice #1', 'currencyCode': 'PLN', 'totalAmount': '100', 'extOrderId': '1_1751408915', 'buyer': {'email': 'b@x', 'firstName': 'Jan', 'lastName': 'Nowak'}, 'products': [{'name': 'Invoice #1', 'unitPrice': '100', 'quantity': '1'}]}
2025-07-02 00:28:35,810 DEBUG    ← PAYU ORDER RESPONSE
2025-07-02 00:28:35,810 DEBUG      STATUS: 200
2025-07-02 00:28:35,810 DEBUG      HEADERS:{'Content-Type': 'text/plain'}
2025-07-02 00:28:35,810 DEBUG      TEXT:   fail…
2025-07-02 10:02:38,932 DEBUG    → PAYU AUTH REQUEST
2025-07-02 10:02:38,932 DEBUG      URL:    'https://secure.snd.payu.com/pl/standard/user/oauth/authorize'
2025-07-02 10:02:38,932 DEBUG      HEADERS:{'Content-Type': 'application/x-www-form-urlencoded', 'Accept': 'application/json'}
2025-07-02 10:02:38,933 DEBUG      BODY:   {'grant_type': 'client_credentials'}
2025-07-02 10:02:38,933 DEBUG    ← PAYU AUTH RESPONSE
2025-07-02 10:02:38,933 DEBUG      STATUS: 200
2025-07-02 10:02:38,933 DEBUG      HEADERS:{'Content-Type': 'application/json'}
2025-07-02 10:02:38,933 DEBUG      TEXT:   {"access_token":"tok"}…
2025-07-02 10:02:38,937 DEBUG    → PAYU AUTH REQUEST
2025-07-02 10:02:38,937 DEBUG      URL:    'https://secure.snd.payu.com/pl/standard/user/oauth/authorize'
2025-07-02 10:02:38,938 DEBUG      HEADERS:{'Content-Type': 'application/x-www-form-urlencoded', 'Accept': 'application/json'}
2025-07-02 10:02:38,938 DEBUG      BODY:   {'grant_type': 'client_credentials'}
2025-07-02 10:02:38,938 DEBUG    ← PAYU AUTH RESPONSE
2025-07-02 10:02:38,938 DEBUG      STATUS: 200
2025-07-02 10:02:38,938 DEBUG      HEADERS:{'Content-Type': 'text/plain'}
2025-07-02 10:02:38,938 DEBUG      TEXT:   fail…
2025-07-02 10:02:38,942 DEBUG    → PAYU ORDER REQUEST
2025-07-02 10:02:38,942 DEBUG      URL:    'https://secure.snd.payu.com/api/v2_1/orders'
2025-07-02 10:02:38,942 DEBUG      HEADERS:{'Authorization': 'Bearer tok', 'Content-Type': 'application/json', 'Accept': 'application/json'}
2025-07-02 10:02:38,942 DEBUG      BODY:   {'notifyUrl': 'http://localhost:8000/payments/payu/notification', 'customerIp': '127.0.0.1', 'merchantPosId': '300746', 'description': 'Invoice #1', 'currencyCode': 'PLN', 'totalAmount': '9990', 'extOrderId': '1_1751443358', 'buyer': {'email': 'b@x', 'firstName': 'John', 'lastName': 'Doe'}, 'products': [{'name': 'Invoice #1', 'unitPrice': '9990', 'quantity': '1'}]}
2025-07-02 10:02:38,943 DEBUG    ← PAYU ORDER RESPONSE
2025-07-02 10:02:38,943 DEBUG      STATUS: 200
2025-07-02 10:02:38,943 DEBUG      HEADERS:{'Content-Type': 'application/json'}
2025-07-02 10:02:38,943 DEBUG      TEXT:   {"res":1}…
2025-07-02 10:02:38,947 DEBUG    → PAYU ORDER REQUEST
2025-07-02 10:02:38,948 DEBUG      URL:    'https://secure.snd.payu.com/api/v2_1/orders'
2025-07-02 10:02:38,948 DEBUG      HEADERS:{'Authorization': 'Bearer tok', 'Content-Type': 'application/json', 'Accept': 'application/json'}
2025-07-02 10:02:38,948 DEBUG      BODY:   {'notifyUrl': 'http://localhost:8000/payments/payu/notification', 'customerIp': '127.0.0.1', 'merchantPosId': '300746', 'description': 'Invoice #1', 'currencyCode': 'PLN', 'totalAmount': '9990', 'extOrderId': '1_1751443358', 'buyer': {'email': 'b@x', 'firstName': 'John', 'lastName': 'Doe'}, 'products': [{'name': 'Invoice #1', 'unitPrice': '9990', 'quantity': '1'}]}
2025-07-02 10:02:38,949 DEBUG    ← PAYU ORDER RESPONSE
2025-07-02 10:02:38,949 DEBUG      STATUS: 302
2025-07-02 10:02:38,949 DEBUG      HEADERS:{'Content-Type': 'application/json', 'Location': 'https://payu/redirect?orderId=123'}
2025-07-02 10:02:38,949 DEBUG      TEXT:   …
2025-07-02 10:02:38,949 INFO     PayU zwrócił URL do płatności: https://payu/redirect?orderId=123
2025-07-02 10:02:38,954 DEBUG    → PAYU ORDER REQUEST
2025-07-02 10:02:38,954 DEBUG      URL:    'https://secure.snd.payu.com/api/v2_1/orders'
2025-07-02 10:02:38,955 DEBUG      HEADERS:{'Authorization': 'Bearer tok', 'Content-Type': 'application/json', 'Accept': 'application/json'}
2025-07-02 10:02:38,955 DEBUG      BODY:   {'notifyUrl': 'http://localhost:8000/payments/payu/notification', 'customerIp': '127.0.0.1', 'merchantPosId': '300746', 'description': 'Invoice #1', 'currencyCode': 'PLN', 'totalAmount': '100', 'extOrderId': '1_1751443358', 'buyer': {'email': 'b@x', 'firstName': 'Jan', 'lastName': 'Nowak'}, 'products': [{'name': 'Invoice #1', 'unitPrice': '100', 'quantity': '1'}]}
2025-07-02 10:02:38,957 DEBUG    ← PAYU ORDER RESPONSE
2025-07-02 10:02:38,957 DEBUG      STATUS: 200
2025-07-02 10:02:38,957 DEBUG      HEADERS:{'Content-Type': 'text/plain'}
2025-07-02 10:02:38,957 DEBUG      TEXT:   fail…
