2025-06-19 16:25:35,307 DEBUG    → PAYU AUTH REQUEST
2025-06-19 16:25:35,307 DEBUG      URL:    'https://secure.snd.payu.com/pl/standard/user/oauth/authorize'
2025-06-19 16:25:35,307 DEBUG      HEADERS:{'Content-Type': 'application/x-www-form-urlencoded', 'Accept': 'application/json'}
2025-06-19 16:25:35,307 DEBUG      BODY:   {'grant_type': 'client_credentials'}
2025-06-19 16:25:35,913 DEBUG    ← PAYU AUTH RESPONSE
2025-06-19 16:25:35,913 DEBUG      STATUS: 200
2025-06-19 16:25:35,913 DEBUG      HEADERS:{'Content-Type': 'application/json;charset=UTF-8', 'Transfer-Encoding': 'chunked', 'Connection': 'keep-alive', 'Date': 'Thu, 19 Jun 2025 14:25:35 GMT', 'pragma': 'no-cache', 'expires': 'Thu, 19 Jun 2025 14:24:35 GMT', 'set-cookie': 'cookieFingerprint=1f092034-d06f-41d5-a17a-4ebc68ed3a70; Expires=Fri, 19-Jun-2026 14:25:35 GMT; Path=/; Secure; HttpOnly, payu_persistent=mobile_agent-false#; Expires=Sun, 14-Jun-2026 14:25:35 GMT; Path=/; Secure; HttpOnly', 'correlation-id': 'c98e839e-8005-4a55-9ac7-2c67f775084d', 'x-content-type-options': 'nosniff', 'x-frame-options': 'SAMEORIGIN', 'cache-control': 'max-age=0, no-cache, no-store, must-revalidate', 'X-Cache': 'Miss from cloudfront', 'Via': '1.1 ba172beaa058835048fe52f15497da64.cloudfront.net (CloudFront)', 'X-Amz-Cf-Pop': 'WAW51-P2', 'X-Amz-Cf-Id': 'hZBn8ZNC1EYwww51Wl8TvABsmZTuwPopin5Vf0Fdz_CccRFy5s-qhg=='}
2025-06-19 16:25:35,930 DEBUG      TEXT:   {"access_token":"f8c2c42b-16d9-4978-b687-f0b705e8fdbe","token_type":"bearer","expires_in":43199,"grant_type":"client_credentials"}…
2025-06-19 16:25:35,930 DEBUG    → PAYU ORDER REQUEST
2025-06-19 16:25:35,930 DEBUG      URL:    'https://secure.snd.payu.com/api/v2_1/orders'
2025-06-19 16:25:35,930 DEBUG      HEADERS:{'Authorization': 'Bearer f8c2c42b-16d9-4978-b687-f0b705e8fdbe', 'Content-Type': 'application/json', 'Accept': 'application/json'}
2025-06-19 16:25:35,930 DEBUG      BODY:   {'notifyUrl': 'http://localhost:8000/payments/payu/notification', 'customerIp': '127.0.0.1', 'merchantPosId': '300746', 'description': 'Invoice #3', 'currencyCode': 'PLN', 'totalAmount': '12345', 'extOrderId': '3_1750343135', 'buyer': {'email': 'qukhnpmbhwkhrsm@oakon.com', 'firstName': 'Marek', 'lastName': 'Testowski'}, 'products': [{'name': 'Invoice #3', 'unitPrice': '12345', 'quantity': '1'}]}
2025-06-19 16:25:36,634 DEBUG    ← PAYU ORDER RESPONSE
2025-06-19 16:25:36,634 DEBUG      STATUS: 302
2025-06-19 16:25:36,634 DEBUG      HEADERS:{'Content-Type': 'application/json', 'Content-Length': '594', 'Connection': 'keep-alive', 'Date': 'Thu, 19 Jun 2025 14:25:36 GMT', 'expires': 'Thu, 19 Jun 2025 14:24:36 GMT', 'correlation-id': 'd2131784-30d7-4702-99cd-8c2d7b62c559', 'location': 'https://merch-prod.snd.payu.com/pay/?orderId=3MWH5LP9SM250619GUEST000P01&token=eyJhbGciOiJIUzI1NiJ9.eyJvcmRlcklkIjoiM01XSDVMUDlTTTI1MDYxOUdVRVNUMDAwUDAxIiwicG9zSWQiOiJvZzVIeTU5ZSIsImF1dGhvcml0aWVzIjpbIlJPTEVfQ0xJRU5UIl0sInBheWVyRW1haWwiOiJxdWtobnBtYmh3a2hyc21Ab2Frb24uY29tIiwiZXhwIjoxNzUwNDI5NTM2LCJpc3MiOiJQQVlVIiwiYXVkIjoiYXBpLWdhdGV3YXkiLCJzdWIiOiJQYXlVIHN1YmplY3QiLCJqdGkiOiIwOTg3NDVjYS1jZDEyLTQwYTMtOWY2OC03ZjlmMWNhYzBhOWQifQ.wkE17kzLw58Lh8RJ306NdWFtj6qR46SC5xigGgxaJZE', 'x-content-type-options': 'nosniff', 'x-frame-options': 'SAMEORIGIN', 'cache-control': 'max-age=0, no-cache, no-store, must-revalidate', 'pragma': 'no-cache', 'X-Cache': 'Miss from cloudfront', 'Via': '1.1 a8d99ef797d085739f567e661bc20536.cloudfront.net (CloudFront)', 'X-Amz-Cf-Pop': 'WAW51-P2', 'X-Amz-Cf-Id': 'Yjs5Wqrlgzyf_k7VAQ3Qn3ICz__X7Kvam7jMm5UBG7Lpl5UH9xR1Og=='}
2025-06-19 16:25:36,634 DEBUG      TEXT:   {"status":{"statusCode":"SUCCESS"},"redirectUri":"https://merch-prod.snd.payu.com/pay/?orderId=3MWH5LP9SM250619GUEST000P01&token=eyJhbGciOiJIUzI1NiJ9.eyJvcmRlcklkIjoiM01XSDVMUDlTTTI1MDYxOUdVRVNUMDAwUDAxIiwicG9zSWQiOiJvZzVIeTU5ZSIsImF1dGhvcml0aWVzIjpbIlJPTEVfQ0xJRU5UIl0sInBheWVyRW1haWwiOiJxdWtobnBtYmh3a2hyc21Ab2Frb24uY29tIiwiZXhwIjoxNzUwNDI5NTM2LCJpc3MiOiJQQVlVIiwiYXVkIjoiYXBpLWdhdGV3YXkiLCJzdWIiOiJQYXlVIHN1YmplY3QiLCJqdGkiOiIwOTg3NDVjYS1jZDEyLTQwYTMtOWY2OC03ZjlmMWNhYzBhOWQifQ.wkE17kzLw58Lh8RJ306…
2025-06-19 16:25:36,634 INFO     PayU zwrócił URL do płatności: https://merch-prod.snd.payu.com/pay/?orderId=3MWH5LP9SM250619GUEST000P01&token=eyJhbGciOiJIUzI1NiJ9.eyJvcmRlcklkIjoiM01XSDVMUDlTTTI1MDYxOUdVRVNUMDAwUDAxIiwicG9zSWQiOiJvZzVIeTU5ZSIsImF1dGhvcml0aWVzIjpbIlJPTEVfQ0xJRU5UIl0sInBheWVyRW1haWwiOiJxdWtobnBtYmh3a2hyc21Ab2Frb24uY29tIiwiZXhwIjoxNzUwNDI5NTM2LCJpc3MiOiJQQVlVIiwiYXVkIjoiYXBpLWdhdGV3YXkiLCJzdWIiOiJQYXlVIHN1YmplY3QiLCJqdGkiOiIwOTg3NDVjYS1jZDEyLTQwYTMtOWY2OC03ZjlmMWNhYzBhOWQifQ.wkE17kzLw58Lh8RJ306NdWFtj6qR46SC5xigGgxaJZE
2025-06-19 19:03:07,203 DEBUG    → PAYU AUTH REQUEST
2025-06-19 19:03:07,204 DEBUG      URL:    'https://secure.snd.payu.com/pl/standard/user/oauth/authorize'
2025-06-19 19:03:07,204 DEBUG      HEADERS:{'Content-Type': 'application/x-www-form-urlencoded', 'Accept': 'application/json'}
2025-06-19 19:03:07,204 DEBUG      BODY:   {'grant_type': 'client_credentials'}
2025-06-19 19:03:07,710 DEBUG    ← PAYU AUTH RESPONSE
2025-06-19 19:03:07,711 DEBUG      STATUS: 200
2025-06-19 19:03:07,711 DEBUG      HEADERS:{'Content-Type': 'application/json;charset=UTF-8', 'Transfer-Encoding': 'chunked', 'Connection': 'keep-alive', 'Date': 'Thu, 19 Jun 2025 17:03:07 GMT', 'pragma': 'no-cache', 'expires': 'Thu, 19 Jun 2025 17:02:07 GMT', 'set-cookie': 'cookieFingerprint=4dbd469d-f885-45a3-a249-04fa149578a1; Expires=Fri, 19-Jun-2026 17:03:07 GMT; Path=/; Secure; HttpOnly, payu_persistent=mobile_agent-false#; Expires=Sun, 14-Jun-2026 17:03:07 GMT; Path=/; Secure; HttpOnly', 'correlation-id': 'e1713969-0a27-4e4d-a650-fc2e1325b6e6', 'x-content-type-options': 'nosniff', 'x-frame-options': 'SAMEORIGIN', 'cache-control': 'max-age=0, no-cache, no-store, must-revalidate', 'X-Cache': 'Miss from cloudfront', 'Via': '1.1 eaeb10bebbc4cee1613bf574665b1254.cloudfront.net (CloudFront)', 'X-Amz-Cf-Pop': 'WAW51-P2', 'X-Amz-Cf-Id': 'iUvU2vk11ZEazORdGbr3FJzZh21OnoV8pyX247G3vN0i6kJ5zzRzsA=='}
2025-06-19 19:03:07,711 DEBUG      TEXT:   {"access_token":"18696866-7980-4a7f-8fb3-41ba22c63535","token_type":"bearer","expires_in":43199,"grant_type":"client_credentials"}…
2025-06-19 19:03:07,713 DEBUG    → PAYU ORDER REQUEST
2025-06-19 19:03:07,713 DEBUG      URL:    'https://secure.snd.payu.com/api/v2_1/orders'
2025-06-19 19:03:07,713 DEBUG      HEADERS:{'Authorization': 'Bearer 18696866-7980-4a7f-8fb3-41ba22c63535', 'Content-Type': 'application/json', 'Accept': 'application/json'}
2025-06-19 19:03:07,713 DEBUG      BODY:   {'notifyUrl': 'http://localhost:8000/payments/payu/notification', 'customerIp': '127.0.0.1', 'merchantPosId': '300746', 'description': 'Invoice #3', 'currencyCode': 'PLN', 'totalAmount': '12345', 'extOrderId': '3_1750352587', 'buyer': {'email': 'qukhnpmbhwkhrsm@oakon.com', 'firstName': 'Marek', 'lastName': 'Testowski'}, 'products': [{'name': 'Invoice #3', 'unitPrice': '12345', 'quantity': '1'}]}
2025-06-19 19:03:08,140 DEBUG    ← PAYU ORDER RESPONSE
2025-06-19 19:03:08,140 DEBUG      STATUS: 302
2025-06-19 19:03:08,140 DEBUG      HEADERS:{'Content-Type': 'application/json', 'Content-Length': '594', 'Connection': 'keep-alive', 'Date': 'Thu, 19 Jun 2025 17:03:08 GMT', 'expires': 'Thu, 19 Jun 2025 17:02:08 GMT', 'correlation-id': 'e89abaa7-dd3f-4bb7-ad1e-98add5848e84', 'location': 'https://merch-prod.snd.payu.com/pay/?orderId=MN4DZRG5G5250619GUEST000P01&token=eyJhbGciOiJIUzI1NiJ9.eyJvcmRlcklkIjoiTU40RFpSRzVHNTI1MDYxOUdVRVNUMDAwUDAxIiwicG9zSWQiOiJvZzVIeTU5ZSIsImF1dGhvcml0aWVzIjpbIlJPTEVfQ0xJRU5UIl0sInBheWVyRW1haWwiOiJxdWtobnBtYmh3a2hyc21Ab2Frb24uY29tIiwiZXhwIjoxNzUwNDM4OTg4LCJpc3MiOiJQQVlVIiwiYXVkIjoiYXBpLWdhdGV3YXkiLCJzdWIiOiJQYXlVIHN1YmplY3QiLCJqdGkiOiI3NzNjNmQ0ZC0xMDQzLTRhZmMtODU0Ni0xMmE2YzU3NTRmNTgifQ.6yudhCveZEpUmRRoxIhulpBJbN1Wjhyzoki1xbUEhDU', 'x-content-type-options': 'nosniff', 'x-frame-options': 'SAMEORIGIN', 'cache-control': 'max-age=0, no-cache, no-store, must-revalidate', 'pragma': 'no-cache', 'X-Cache': 'Miss from cloudfront', 'Via': '1.1 f3a5b216bc1ee588763b97bea332e990.cloudfront.net (CloudFront)', 'X-Amz-Cf-Pop': 'WAW51-P2', 'X-Amz-Cf-Id': 'zLynWvfAdYsfAqa0d1YsqbLlTxPjXYSV19Zk3QOfwr04b9VbMguCwQ=='}
2025-06-19 19:03:08,140 DEBUG      TEXT:   {"status":{"statusCode":"SUCCESS"},"redirectUri":"https://merch-prod.snd.payu.com/pay/?orderId=MN4DZRG5G5250619GUEST000P01&token=eyJhbGciOiJIUzI1NiJ9.eyJvcmRlcklkIjoiTU40RFpSRzVHNTI1MDYxOUdVRVNUMDAwUDAxIiwicG9zSWQiOiJvZzVIeTU5ZSIsImF1dGhvcml0aWVzIjpbIlJPTEVfQ0xJRU5UIl0sInBheWVyRW1haWwiOiJxdWtobnBtYmh3a2hyc21Ab2Frb24uY29tIiwiZXhwIjoxNzUwNDM4OTg4LCJpc3MiOiJQQVlVIiwiYXVkIjoiYXBpLWdhdGV3YXkiLCJzdWIiOiJQYXlVIHN1YmplY3QiLCJqdGkiOiI3NzNjNmQ0ZC0xMDQzLTRhZmMtODU0Ni0xMmE2YzU3NTRmNTgifQ.6yudhCveZEpUmRRoxIh…
2025-06-19 19:03:08,140 INFO     PayU zwrócił URL do płatności: https://merch-prod.snd.payu.com/pay/?orderId=MN4DZRG5G5250619GUEST000P01&token=eyJhbGciOiJIUzI1NiJ9.eyJvcmRlcklkIjoiTU40RFpSRzVHNTI1MDYxOUdVRVNUMDAwUDAxIiwicG9zSWQiOiJvZzVIeTU5ZSIsImF1dGhvcml0aWVzIjpbIlJPTEVfQ0xJRU5UIl0sInBheWVyRW1haWwiOiJxdWtobnBtYmh3a2hyc21Ab2Frb24uY29tIiwiZXhwIjoxNzUwNDM4OTg4LCJpc3MiOiJQQVlVIiwiYXVkIjoiYXBpLWdhdGV3YXkiLCJzdWIiOiJQYXlVIHN1YmplY3QiLCJqdGkiOiI3NzNjNmQ0ZC0xMDQzLTRhZmMtODU0Ni0xMmE2YzU3NTRmNTgifQ.6yudhCveZEpUmRRoxIhulpBJbN1Wjhyzoki1xbUEhDU
